1
0
1
ASSEMBLY
2
PART-1-1
PART-1
PART-2-1
PART-2
2
PART-1-1
44
1 1
2 2
3 3
4 4
5 5
6 6
7 7
8 8
9 9
10 10
11 11
12 12
13 13
14 14
15 15
16 16
17 17
18 18
19 19
20 20
21 21
22 22
23 23
24 24
25 25
26 26
27 27
28 28
29 29
30 30
31 31
32 32
33 33
34 34
35 35
36 36
37 37
38 38
39 39
40 40
41 41
42 42
43 43
44 44
1 1
2 2
3 3
4 4
5 5
6 6
7 7
8 8
9 9
10 10
11 11
12 12
13 13
14 14
15 15
16 16
17 17
18 18
19 19
20 20
21 21
22 22
23 23
24 24
25 25
26 26
27 27
28 28
29 29
30 30
31 31
32 32
33 33
34 34
35 35
36 36
37 37
38 38
39 39
40 40
41 41
42 42
43 43
44 44
PART-2-1
24
45 1
46 2
47 3
48 4
49 5
50 6
51 7
52 8
53 9
54 10
55 11
56 12
57 13
58 14
59 15
60 16
61 17
62 18
63 19
64 20
65 21
66 22
67 23
68 24
1 45
2 46
3 47
4 48
5 49
6 50
7 51
8 52
9 53
10 54
11 55
12 56
13 57
14 58
15 59
16 60
17 61
18 62
19 63
20 64
21 65
22 66
23 67
24 68
0
2
PART-1-1
10
1 1
2 2
3 3
4 4
5 5
6 6
7 7
8 8
9 9
10 10
1 1
2 2
3 3
4 4
5 5
6 6
7 7
8 8
9 9
10 10
PART-2-1
5
11 1
12 2
13 3
14 4
15 5
1 11
2 12
3 13
4 14
5 15
0
3

0
2
0
2
PART-1-1
10
1 2 3 4 5 6 7 8 9 10 
PART-2-1
5
11 12 13 14 15 
0
SET-3
0
1
0
1
PART-1-1
1
10 
0
SET-4
0
1
0
2
PART-1-1
10
1 2 3 4 5 6 7 8 9 10 
PART-2-1
5
11 12 13 14 15 
0
2
PART-1-1
4
 P       1
0
2
10
1 2 3 4 5 6 7 8 9 10 
0
0
 P       1SET-4
0
2
10
1 2 3 4 5 6 7 8 9 10 
0
0
SET-1
0
1
10
1 2 3 4 5 6 7 8 9 10 
0
0
_SURF-BOTTOM_S3
0
2
1
1 
0
0
0
PART-2-1
5
 P       2
0
2
5
11 12 13 14 15 
0
0
 P       2SET-4
0
2
5
11 12 13 14 15 
0
0
SET-1
0
1
5
11 12 13 14 15 
0
0
_SURF-F_S3
0
2
1
11 
0
0
_SURF-TOP_S5
0
2
1
15 
0
0
0
3

0
2
0
2
PART-1-1
44
1 2 3 4 5 6 7 8 9 10 11 12 13 14 15 16 17 18 19 20 21 22 23 24 25 26 27 28 29 30 31 32 33 34 35 36 37 38 39 40 41 42 43 44 
PART-2-1
24
45 46 47 48 49 50 51 52 53 54 55 56 57 58 59 60 61 62 63 64 65 66 67 68 
0
SET-3
0
1
0
1
PART-1-1
4
21 22 43 44 
0
SET-4
0
1
0
2
PART-1-1
44
1 2 3 4 5 6 7 8 9 10 11 12 13 14 15 16 17 18 19 20 21 22 23 24 25 26 27 28 29 30 31 32 33 34 35 36 37 38 39 40 41 42 43 44 
PART-2-1
24
45 46 47 48 49 50 51 52 53 54 55 56 57 58 59 60 61 62 63 64 65 66 67 68 
0
2
PART-1-1
3
 P       1
0
2
44
1 2 3 4 5 6 7 8 9 10 11 12 13 14 15 16 17 18 19 20 21 22 23 24 25 26 27 28 29 30 31 32 33 34 35 36 37 38 39 40 41 42 43 44 
0
0
 P       1SET-4
0
2
44
1 2 3 4 5 6 7 8 9 10 11 12 13 14 15 16 17 18 19 20 21 22 23 24 25 26 27 28 29 30 31 32 33 34 35 36 37 38 39 40 41 42 43 44 
0
0
SET-1
0
1
44
1 2 3 4 5 6 7 8 9 10 11 12 13 14 15 16 17 18 19 20 21 22 23 24 25 26 27 28 29 30 31 32 33 34 35 36 37 38 39 40 41 42 43 44 
0
0
0
PART-2-1
3
 P       2
0
2
24
45 46 47 48 49 50 51 52 53 54 55 56 57 58 59 60 61 62 63 64 65 66 67 68 
0
0
 P       2SET-4
0
2
24
45 46 47 48 49 50 51 52 53 54 55 56 57 58 59 60 61 62 63 64 65 66 67 68 
0
0
SET-1
0
1
24
45 46 47 48 49 50 51 52 53 54 55 56 57 58 59 60 61 62 63 64 65 66 67 68 
0
0
0
2
PART-1-1
1
SURF-BOTTOM
0
0
1
S3
1
1 
PART-2-1
2
SURF-F
0
0
1
S3
1
11 
SURF-TOP
0
0
1
S5
1
15 
0
