Analysis initiated from SIMULIA established products
Abaqus JOB Job-1
Abaqus 3DEXPERIENCE R2017x
Abaqus License Manager checked out the following licenses:
Abaqus/Standard checked out 5 tokens from Flexnet server DESKTOP-403292K.
<1019 out of 1024 licenses remain available>.
Begin Compiling Abaqus/Standard User Subroutines
2019/8/14 17:31:47
Intel(R) Visual Fortran Intel(R) 64 Compiler XE for applications running on Intel(R) 64, Version 14.0.1.139 Build 20131008
Copyright (C) 1985-2013 Intel Corporation.  All rights reserved.

End Compiling Abaqus/Standard User Subroutines
Begin Linking Abaqus/Standard User Subroutines
   正在创建库 standardU.lib 和对象 standardU.exp
End Linking Abaqus/Standard User Subroutines
2019/8/14 17:31:47
Begin Analysis Input File Processor
2019/8/14 17:31:47
Run pre.exe
2019/8/14 17:31:50
End Analysis Input File Processor
Begin Abaqus/Standard Analysis
2019/8/14 17:31:50
Run standard.exe
2019/8/14 17:32:24
End Abaqus/Standard Analysis
Begin MFS->SFS and SIM cleanup
2019/8/14 17:32:25
Run SMASimUtility.exe
2019/8/14 17:32:25
End MFS->SFS and SIM cleanup
Abaqus JOB Job-1 COMPLETED
