1
0
1
ASSEMBLY
1
PART-1-1
PART-1
1
PART-1-1
8
1 1
2 2
3 3
4 4
5 5
6 6
7 7
8 8
1 1
2 2
3 3
4 4
5 5
6 6
7 7
8 8
0
1
PART-1-1
1
1 1
1 1
0
8
SET-1
0
1
0
1
PART-1-1
1
1 
0
SET-2
0
1
0
1
PART-1-1
1
1 
0
SET-3
0
1
0
1
PART-1-1
1
1 
0
SET-4
0
1
0
1
PART-1-1
1
1 
0
_SURF-1_S2
0
2
0
1
PART-1-1
1
1 
0
_SURF-1_S3
0
2
0
1
PART-1-1
1
1 
0
_SURF-1_S6
0
2
0
1
PART-1-1
1
1 
0
_SURF-2_S3
0
2
0
1
PART-1-1
1
1 
0
1
PART-1-1
2
SET-2
0
1
1
1 
0
0
SOIL
0
1
1
1 
0
0
0
4
SET-1
0
1
0
1
PART-1-1
4
3 4 7 8 
0
SET-2
0
1
0
1
PART-1-1
4
2 4 6 8 
0
SET-3
0
1
0
1
PART-1-1
4
5 6 7 8 
0
SET-4
0
1
0
1
PART-1-1
8
1 2 3 4 5 6 7 8 
0
1
PART-1-1
2
SET-2
0
1
8
1 2 3 4 5 6 7 8 
0
0
SOIL
0
1
8
1 2 3 4 5 6 7 8 
0
0
0
0
2
SURF-1
0
0
0
1
PART-1-1
0
0
3
S6
1
1 
S2
1
1 
S3
1
1 
SURF-2
0
0
0
1
PART-1-1
0
0
1
S3
1
1 
