Analysis initiated from SIMULIA established products
Abaqus JOB Job-Duncan
Abaqus 3DEXPERIENCE R2017x
Abaqus License Manager checked out the following licenses:
Abaqus/Standard checked out 5 tokens from Flexnet server DESKTOP-403292K.
<1019 out of 1024 licenses remain available>.
Begin Linking Abaqus/Standard User Subroutines
   正在创建库 standardU.lib 和对象 standardU.exp
End Linking Abaqus/Standard User Subroutines
7/15/2019 7:49:29 PM
Begin Analysis Input File Processor
7/15/2019 7:49:29 PM
Run pre.exe
7/15/2019 7:49:32 PM
End Analysis Input File Processor
Begin Abaqus/Standard Analysis
7/15/2019 7:49:32 PM
Run standard.exe
7/15/2019 7:49:35 PM
End Abaqus/Standard Analysis
Begin MFS->SFS and SIM cleanup
7/15/2019 7:49:37 PM
Run SMASimUtility.exe
7/15/2019 7:49:37 PM
End MFS->SFS and SIM cleanup
Abaqus JOB Job-Duncan COMPLETED
