Analysis initiated from SIMULIA established products
Abaqus JOB Job-Viscoelastic
Abaqus 3DEXPERIENCE R2017x
Abaqus License Manager checked out the following licenses:
Abaqus/Standard checked out 5 tokens from Flexnet server DESKTOP-403292K.
<1019 out of 1024 licenses remain available>.
Begin Linking Abaqus/Standard User Subroutines
   正在创建库 standardU.lib 和对象 standardU.exp
End Linking Abaqus/Standard User Subroutines
8/7/2019 3:43:33 PM
Begin Analysis Input File Processor
8/7/2019 3:43:33 PM
Run pre.exe
8/7/2019 3:43:38 PM
End Analysis Input File Processor
Begin Abaqus/Standard Analysis
8/7/2019 3:43:38 PM
Run standard.exe
8/7/2019 3:43:50 PM
End Abaqus/Standard Analysis
Begin MFS->SFS and SIM cleanup
8/7/2019 3:43:51 PM
Run SMASimUtility.exe
8/7/2019 3:43:51 PM
End MFS->SFS and SIM cleanup
Abaqus JOB Job-Viscoelastic COMPLETED
